<?xml version="1.0" encoding="UTF-8"?>
<!-- Generated by org.testng.reporters.JUnitXMLReporter -->
<testsuite ignored="0" hostname="Furkan-MacBook-Pro-2.local" failures="0" tests="7" name="post-tests" time="2.852" errors="0" timestamp="2021-06-10T13:53:58 EET">
  <testcase classname="tests.PostTests" name="checkGetAllUsers" time="1.014"/>
  <testcase classname="tests.PostTests" name="checkGetUser" time="0.379"/>
  <testcase classname="tests.PostTests" name="checkGetPostsByUserId" time="0.447"/>
  <testcase classname="tests.PostTests" name="checkPostComments" time="0.742"/>
  <testcase classname="tests.NegativePostTests" name="verifyGetUserWithInvalidNameReturnsAnEmptyArray" time="0.04"/>
  <testcase classname="tests.NegativePostTests" name="verifyGetPostsByInvalidUserIdReturnsAnEmptyArray" time="0.047"/>
  <testcase classname="tests.NegativePostTests" name="verifyGetPostCommentsByInvalidPostIdReturnsAnEmptyArray" time="0.044"/>
</testsuite> <!-- post-tests -->
